<?xml version="1.0" encoding="UTF-8"?>
<testng-results skipped="0" failed="0" total="0" passed="0">
  <reporter-output>
  </reporter-output>
  <suite name="CucumberFramework.featureFiles" duration-ms="657" started-at="2019-08-03T19:56:26Z" finished-at="2019-08-03T19:56:27Z">
    <groups>
    </groups>
    <test name="Cucumber Test" duration-ms="657" started-at="2019-08-03T19:56:26Z" finished-at="2019-08-03T19:56:27Z">
    </test> <!-- Cucumber Test -->
  </suite> <!-- CucumberFramework.featureFiles -->
</testng-results>
